<?xml version="1.0" encoding="UTF-8"?>
<!-- Generated by org.testng.reporters.JUnitReportReporter -->
<testsuite hostname="Rohan" failures="0" tests="1" name="StepDefinitions.FunctionalTest" time="0.007" errors="0" timestamp="2020-11-04T17:48:18 IRST" skipped="0">
  <testcase classname="StepDefinitions.FunctionalTest" name="the_browser_launched_and_opened" time="0.007"/>
  <system-out/>
</testsuite> <!-- StepDefinitions.FunctionalTest -->
